#
# There is insufficient memory for the Java Runtime Environment to continue.
# Native memory allocation (malloc) failed to allocate 32744 bytes for ChunkPool::allocate
# Possible reasons:
#   The system is out of physical RAM or swap space
#   In 32 bit mode, the process size limit was hit
# Possible solutions:
#   Reduce memory load on the system
#   Increase physical memory or swap space
#   Check if swap backing store is full
#   Use 64 bit Java on a 64 bit OS
#   Decrease Java heap size (-Xmx/-Xms)
#   Decrease number of Java threads
#   Decrease Java thread stack sizes (-Xss)
#   Set larger code cache with -XX:ReservedCodeCacheSize=
# This output file may be truncated or incomplete.
#
#  Out of Memory Error (allocation.cpp:273), pid=12644, tid=0x0000000000003128
#
# JRE version: OpenJDK Runtime Environment (8.0_152-b01) (build 1.8.0_152-release-884-b01)
# Java VM: OpenJDK 64-Bit Server VM (25.152-b01 mixed mode windows-amd64 compressed oops)
# Failed to write core dump. Minidumps are not enabled by default on client versions of Windows
#

---------------  T H R E A D  ---------------

Current thread (0x0000000017c2b000):  JavaThread "C2 CompilerThread1" daemon [_thread_in_native, id=12584, stack(0x0000000018b40000,0x0000000018c40000)]

Stack: [0x0000000018b40000,0x0000000018c40000]
[error occurred during error reporting (printing stack bounds), id 0xc0000005]

Native frames: (J=compiled Java code, j=interpreted, Vv=VM code, C=native code)


Current CompileTask:
C2:  27327 10331   !   4       com.google.common.cache.LocalCache$Segment::lockedGetOrLoad (433 bytes)


---------------  P R O C E S S  ---------------

Java Threads: ( => current thread )
  0x000000001de30800 JavaThread "ForkJoinPool.commonPool-worker-1" daemon [_thread_blocked, id=13200, stack(0x00000000297a0000,0x00000000298a0000)]
  0x00000000203e8000 JavaThread "Task worker for ':' Thread 7" [_thread_blocked, id=2604, stack(0x000000002add0000,0x000000002aed0000)]
  0x00000000203e7000 JavaThread "Task worker for ':' Thread 6" [_thread_blocked, id=1748, stack(0x0000000021510000,0x0000000021610000)]
  0x00000000203e6800 JavaThread "Task worker for ':' Thread 5" [_thread_blocked, id=6252, stack(0x0000000026320000,0x0000000026420000)]
  0x00000000203e5800 JavaThread "Task worker for ':' Thread 4" [_thread_blocked, id=10468, stack(0x000000002ab30000,0x000000002ac30000)]
  0x00000000203e5000 JavaThread "Task worker for ':' Thread 3" [_thread_blocked, id=12600, stack(0x00000000241a0000,0x00000000242a0000)]
  0x00000000203e4000 JavaThread "Task worker for ':' Thread 2" [_thread_blocked, id=11124, stack(0x0000000022da0000,0x0000000022ea0000)]
  0x00000000203e3800 JavaThread "Task worker for ':'" [_thread_in_vm, id=2664, stack(0x000000001fc40000,0x000000001fd40000)]
  0x00000000203e2800 JavaThread "Cache worker for task history cache (C:\Users\Paulo\AndroidStudioProjects\MyApplication11\.gradle\4.1-milestone-1\taskHistory)" [_thread_blocked, id=9468, stack(0x000000001b6a0000,0x000000001b7a0000)]
  0x00000000203e2000 JavaThread "Cache worker for file content cache (C:\Users\Paulo\AndroidStudioProjects\MyApplication11\.gradle\4.1-milestone-1\fileContent)" [_thread_blocked, id=12332, stack(0x0000000022c90000,0x0000000022d90000)]
  0x000000001de35800 JavaThread "build operations Thread 8" [_thread_blocked, id=11400, stack(0x000000002aa20000,0x000000002ab20000)]
  0x000000001de34000 JavaThread "build operations Thread 7" [_thread_blocked, id=2348, stack(0x0000000029960000,0x0000000029a60000)]
  0x000000001de32800 JavaThread "build operations Thread 6" [_thread_blocked, id=3000, stack(0x00000000261e0000,0x00000000262e0000)]
  0x000000001de33800 JavaThread "build operations Thread 5" [_thread_blocked, id=9564, stack(0x0000000026080000,0x0000000026180000)]
  0x000000001de35000 JavaThread "build operations Thread 4" [_thread_blocked, id=10284, stack(0x0000000025ee0000,0x0000000025fe0000)]
  0x000000001de31000 JavaThread "build operations Thread 3" [_thread_blocked, id=2776, stack(0x0000000024410000,0x0000000024510000)]
  0x000000001de32000 JavaThread "build operations Thread 2" [_thread_blocked, id=3268, stack(0x0000000024550000,0x0000000024650000)]
  0x000000001de28000 JavaThread "build operations" [_thread_blocked, id=7856, stack(0x00000000242d0000,0x00000000243d0000)]
  0x000000001de2d800 JavaThread "Cache worker for Artifact transforms cache (C:\Users\Paulo\.gradle\caches\transforms-1)" [_thread_blocked, id=10084, stack(0x0000000021100000,0x0000000021200000)]
  0x000000001de29800 JavaThread "Cache worker for file hash cache (C:\Users\Paulo\AndroidStudioProjects\MyApplication11\.gradle\4.1-milestone-1\fileHashes)" [_thread_blocked, id=12216, stack(0x000000001c420000,0x000000001c520000)]
  0x000000001de2a800 JavaThread "Stdin handler" [_thread_blocked, id=4760, stack(0x000000001ff80000,0x0000000020080000)]
  0x000000001de2c800 JavaThread "Asynchronous log dispatcher for DefaultDaemonConnection: socket connection from /127.0.0.1:55381 to /127.0.0.1:55398" [_thread_blocked, id=12828, stack(0x000000001c2d0000,0x000000001c3d0000)]
  0x000000001de2c000 JavaThread "Cancel handler" [_thread_blocked, id=6976, stack(0x000000001bc80000,0x000000001bd80000)]
  0x000000001de2e000 JavaThread "Handler for socket connection from /127.0.0.1:55381 to /127.0.0.1:55398" [_thread_in_native, id=5536, stack(0x000000001c170000,0x000000001c270000)]
  0x00000000203e1000 JavaThread "RMI TCP Connection(2)-127.0.0.1" daemon [_thread_in_native, id=12988, stack(0x000000002a8a0000,0x000000002a9a0000)]
  0x000000001d0d6000 JavaThread "RMI TCP Connection(3)-127.0.0.1" daemon [_thread_in_native, id=12064, stack(0x00000000294e0000,0x00000000295e0000)]
  0x000000001d0d5000 JavaThread "RMI Reaper" [_thread_blocked, id=3024, stack(0x0000000028620000,0x0000000028720000)]
  0x000000001d0d4800 JavaThread "RMI TCP Accept-0" daemon [_thread_in_native, id=6924, stack(0x0000000029620000,0x0000000029720000)]
  0x000000001d0d3800 JavaThread "GC Daemon" daemon [_thread_blocked, id=8632, stack(0x0000000029360000,0x0000000029460000)]
  0x000000001d0d3000 JavaThread "RMI RenewClean-[localhost:17912,org.jetbrains.kotlin.daemon.common.LoopbackNetworkInterface$ClientLoopbackSocketFactory@41ff76e5]" daemon [_thread_blocked, id=10924, stack(0x000000001ba60000,0x000000001bb60000)]
  0x000000001d0d2000 JavaThread "RMI Scheduler(0)" daemon [_thread_blocked, id=6524, stack(0x0000000029170000,0x0000000029270000)]
  0x000000001de2f000 JavaThread "Memory manager" [_thread_blocked, id=10856, stack(0x0000000025350000,0x0000000025450000)]
  0x000000001ac50000 JavaThread "File lock request listener" [_thread_in_native, id=10160, stack(0x000000001c7c0000,0x000000001c8c0000)]
  0x000000001ae62800 JavaThread "Cache worker for file hash cache (C:\Users\Paulo\.gradle\caches\4.1-milestone-1\fileHashes)" [_thread_blocked, id=5716, stack(0x000000001c5b0000,0x000000001c6b0000)]
  0x000000001af65800 JavaThread "Daemon worker" [_thread_blocked, id=8784, stack(0x000000001c010000,0x000000001c110000)]
  0x000000001a3a6800 JavaThread "Daemon" [_thread_blocked, id=11468, stack(0x000000001bb60000,0x000000001bc60000)]
  0x000000001a738000 JavaThread "Daemon periodic checks" [_thread_blocked, id=4720, stack(0x000000001b960000,0x000000001ba60000)]
  0x000000001ab95800 JavaThread "Incoming local TCP Connector on port 55381" [_thread_in_native, id=9768, stack(0x000000001b2f0000,0x000000001b3f0000)]
  0x0000000017cc2800 JavaThread "Service Thread" daemon [_thread_blocked, id=9504, stack(0x00000000198d0000,0x00000000199d0000)]
  0x0000000017c3f000 JavaThread "C1 CompilerThread3" daemon [_thread_in_native, id=12896, stack(0x0000000019730000,0x0000000019830000)]
  0x0000000017c36000 JavaThread "C2 CompilerThread2" daemon [_thread_in_native, id=12556, stack(0x00000000195d0000,0x00000000196d0000)]
=>0x0000000017c2b000 JavaThread "C2 CompilerThread1" daemon [_thread_in_native, id=12584, stack(0x0000000018b40000,0x0000000018c40000)]
  0x0000000017c1c800 JavaThread "C2 CompilerThread0" daemon [_thread_in_native, id=8988, stack(0x0000000019400000,0x0000000019500000)]
  0x0000000017c28800 JavaThread "Attach Listener" daemon [_thread_blocked, id=4468, stack(0x0000000019300000,0x0000000019400000)]
  0x0000000017c27000 JavaThread "Signal Dispatcher" daemon [_thread_blocked, id=6816, stack(0x0000000019200000,0x0000000019300000)]
  0x0000000016b6c800 JavaThread "Finalizer" daemon [_thread_blocked, id=10292, stack(0x0000000019080000,0x0000000019180000)]
  0x0000000017bd3000 JavaThread "Reference Handler" daemon [_thread_blocked, id=11992, stack(0x0000000018ea0000,0x0000000018fa0000)]
  0x000000000237f000 JavaThread "main" [_thread_blocked, id=9888, stack(0x0000000002650000,0x0000000002750000)]

Other Threads:
  0x0000000017bd1800 VMThread [stack: 0x0000000018cd0000,0x0000000018dd0000] [id=10348]
  0x0000000017c9d800 WatcherThread [stack: 0x0000000019a10000,0x0000000019b10000] [id=8164]

VM state:not at safepoint (normal execution)

VM Mutex/Monitor currently owned by a thread: None

Heap:
 PSYoungGen      total 246784K, used 147456K [0x00000000e0000000, 0x00000000f0d00000, 0x0000000100000000)
  eden space 226304K, 56% used [0x00000000e0000000,0x00000000e7cef808,0x00000000edd00000)
  from space 20480K, 95% used [0x00000000ef900000,0x00000000f0c10850,0x00000000f0d00000)
  to   space 24576K, 0% used [0x00000000edd00000,0x00000000edd00000,0x00000000ef500000)
 ParOldGen       total 157184K, used 32881K [0x00000000a0000000, 0x00000000a9980000, 0x00000000e0000000)
  object space 157184K, 20% used [0x00000000a0000000,0x00000000a201c5c8,0x00000000a9980000)
 Metaspace       used 69050K, capacity 71628K, committed 71896K, reserved 1112064K
  class space    used 9087K, capacity 9673K, committed 9728K, reserved 1048576K

Card table byte_map: [0x0000000011de0000,0x00000000120f0000] byte_map_base: 0x00000000118e0000

Marking Bits: (ParMarkBitMap*) 0x0000000053073950
 Begin Bits: [0x0000000012e80000, 0x0000000014680000)
 End Bits:   [0x0000000014680000, 0x0000000015e80000)

Polling page: 0x0000000001d80000

CodeCache: size=245760Kb used=28583Kb max_used=28583Kb free=217176Kb
 bounds [0x0000000002a20000, 0x0000000004630000, 0x0000000011a20000]
 total_blobs=9622 nmethods=8786 adapters=748
 compilation: enabled

Compilation events (10 events):
Event: 27.291 Thread 0x0000000017c3f000 nmethod 10347 0x000000000462da90 code [0x000000000462dc80, 0x000000000462e6e8]
Event: 27.296 Thread 0x0000000017c3f000 10349       1       java.nio.channels.spi.AbstractSelectionKey::isValid (5 bytes)
Event: 27.296 Thread 0x0000000017c3f000 nmethod 10349 0x0000000004625890 code [0x00000000046259e0, 0x0000000004625af0]
Event: 27.301 Thread 0x0000000017c3f000 10352       3       sun.nio.ch.SelectionKeyImpl::setIndex (6 bytes)
Event: 27.301 Thread 0x0000000017c3f000 nmethod 10352 0x000000000462e950 code [0x000000000462eaa0, 0x000000000462ebf0]
Event: 27.310 Thread 0x0000000017c3f000 10353       3       com.google.common.collect.MultitransformedIterator::hasNext (72 bytes)
Event: 27.311 Thread 0x0000000017c3f000 nmethod 10353 0x000000000462ec50 code [0x000000000462ee60, 0x000000000462f768]
Event: 27.311 Thread 0x0000000017c3f000 10354       3       java.util.stream.Sink::end (1 bytes)
Event: 27.311 Thread 0x0000000017c3f000 nmethod 10354 0x000000000462fa90 code [0x000000000462fbe0, 0x000000000462fd30]
Event: 27.323 Thread 0x0000000017c3f000 10355       3       java.lang.invoke.MethodHandleNatives::linkCallSiteImpl (44 bytes)

GC Heap History (10 events):
Event: 7.755 GC heap before
{Heap before GC invocations=9 (full 2):
 PSYoungGen      total 158720K, used 146432K [0x00000000e0000000, 0x00000000ed800000, 0x0000000100000000)
  eden space 146432K, 100% used [0x00000000e0000000,0x00000000e8f00000,0x00000000e8f00000)
  from space 12288K, 0% used [0x00000000e9b00000,0x00000000e9b00000,0x00000000ea700000)
  to   space 12288K, 0% used [0x00000000e8f00000,0x00000000e8f00000,0x00000000e9b00000)
 ParOldGen       total 104448K, used 15734K [0x00000000a0000000, 0x00000000a6600000, 0x00000000e0000000)
  object space 104448K, 15% used [0x00000000a0000000,0x00000000a0f5da30,0x00000000a6600000)
 Metaspace       used 46237K, capacity 47060K, committed 47448K, reserved 1089536K
  class space    used 6161K, capacity 6405K, committed 6528K, reserved 1048576K
Event: 7.769 GC heap after
Heap after GC invocations=9 (full 2):
 PSYoungGen      total 158720K, used 12279K [0x00000000e0000000, 0x00000000ee200000, 0x0000000100000000)
  eden space 146432K, 0% used [0x00000000e0000000,0x00000000e0000000,0x00000000e8f00000)
  from space 12288K, 99% used [0x00000000e8f00000,0x00000000e9afdd80,0x00000000e9b00000)
  to   space 15360K, 0% used [0x00000000ed300000,0x00000000ed300000,0x00000000ee200000)
 ParOldGen       total 104448K, used 18526K [0x00000000a0000000, 0x00000000a6600000, 0x00000000e0000000)
  object space 104448K, 17% used [0x00000000a0000000,0x00000000a1217a28,0x00000000a6600000)
 Metaspace       used 46237K, capacity 47060K, committed 47448K, reserved 1089536K
  class space    used 6161K, capacity 6405K, committed 6528K, reserved 1048576K
}
Event: 9.661 GC heap before
{Heap before GC invocations=10 (full 2):
 PSYoungGen      total 158720K, used 158711K [0x00000000e0000000, 0x00000000ee200000, 0x0000000100000000)
  eden space 146432K, 100% used [0x00000000e0000000,0x00000000e8f00000,0x00000000e8f00000)
  from space 12288K, 99% used [0x00000000e8f00000,0x00000000e9afdd80,0x00000000e9b00000)
  to   space 15360K, 0% used [0x00000000ed300000,0x00000000ed300000,0x00000000ee200000)
 ParOldGen       total 104448K, used 18526K [0x00000000a0000000, 0x00000000a6600000, 0x00000000e0000000)
  object space 104448K, 17% used [0x00000000a0000000,0x00000000a1217a28,0x00000000a6600000)
 Metaspace       used 52972K, capacity 54576K, committed 54616K, reserved 1095680K
  class space    used 7149K, capacity 7523K, committed 7552K, reserved 1048576K
Event: 9.677 GC heap after
Heap after GC invocations=10 (full 2):
 PSYoungGen      total 211456K, used 15353K [0x00000000e0000000, 0x00000000ee880000, 0x0000000100000000)
  eden space 196096K, 0% used [0x00000000e0000000,0x00000000e0000000,0x00000000ebf80000)
  from space 15360K, 99% used [0x00000000ed300000,0x00000000ee1fe728,0x00000000ee200000)
  to   space 19968K, 0% used [0x00000000ebf80000,0x00000000ebf80000,0x00000000ed300000)
 ParOldGen       total 104448K, used 23888K [0x00000000a0000000, 0x00000000a6600000, 0x00000000e0000000)
  object space 104448K, 22% used [0x00000000a0000000,0x00000000a17543f0,0x00000000a6600000)
 Metaspace       used 52972K, capacity 54576K, committed 54616K, reserved 1095680K
  class space    used 7149K, capacity 7523K, committed 7552K, reserved 1048576K
}
Event: 15.415 GC heap before
{Heap before GC invocations=11 (full 2):
 PSYoungGen      total 211456K, used 102763K [0x00000000e0000000, 0x00000000ee880000, 0x0000000100000000)
  eden space 196096K, 44% used [0x00000000e0000000,0x00000000e555c8b0,0x00000000ebf80000)
  from space 15360K, 99% used [0x00000000ed300000,0x00000000ee1fe728,0x00000000ee200000)
  to   space 19968K, 0% used [0x00000000ebf80000,0x00000000ebf80000,0x00000000ed300000)
 ParOldGen       total 104448K, used 23888K [0x00000000a0000000, 0x00000000a6600000, 0x00000000e0000000)
  object space 104448K, 22% used [0x00000000a0000000,0x00000000a17543f0,0x00000000a6600000)
 Metaspace       used 57303K, capacity 58944K, committed 58968K, reserved 1099776K
  class space    used 7679K, capacity 8050K, committed 8064K, reserved 1048576K
Event: 15.431 GC heap after
Heap after GC invocations=11 (full 2):
 PSYoungGen      total 216064K, used 19860K [0x00000000e0000000, 0x00000000f0f00000, 0x0000000100000000)
  eden space 196096K, 0% used [0x00000000e0000000,0x00000000e0000000,0x00000000ebf80000)
  from space 19968K, 99% used [0x00000000ebf80000,0x00000000ed2e5328,0x00000000ed300000)
  to   space 22528K, 0% used [0x00000000ef900000,0x00000000ef900000,0x00000000f0f00000)
 ParOldGen       total 104448K, used 23896K [0x00000000a0000000, 0x00000000a6600000, 0x00000000e0000000)
  object space 104448K, 22% used [0x00000000a0000000,0x00000000a17563f0,0x00000000a6600000)
 Metaspace       used 57303K, capacity 58944K, committed 58968K, reserved 1099776K
  class space    used 7679K, capacity 8050K, committed 8064K, reserved 1048576K
}
Event: 15.431 GC heap before
{Heap before GC invocations=12 (full 3):
 PSYoungGen      total 216064K, used 19860K [0x00000000e0000000, 0x00000000f0f00000, 0x0000000100000000)
  eden space 196096K, 0% used [0x00000000e0000000,0x00000000e0000000,0x00000000ebf80000)
  from space 19968K, 99% used [0x00000000ebf80000,0x00000000ed2e5328,0x00000000ed300000)
  to   space 22528K, 0% used [0x00000000ef900000,0x00000000ef900000,0x00000000f0f00000)
 ParOldGen       total 104448K, used 23896K [0x00000000a0000000, 0x00000000a6600000, 0x00000000e0000000)
  object space 104448K, 22% used [0x00000000a0000000,0x00000000a17563f0,0x00000000a6600000)
 Metaspace       used 57303K, capacity 58944K, committed 58968K, reserved 1099776K
  class space    used 7679K, capacity 8050K, committed 8064K, reserved 1048576K
Event: 15.658 GC heap after
Heap after GC invocations=12 (full 3):
 PSYoungGen      total 216064K, used 0K [0x00000000e0000000, 0x00000000f0f00000, 0x0000000100000000)
  eden space 196096K, 0% used [0x00000000e0000000,0x00000000e0000000,0x00000000ebf80000)
  from space 19968K, 0% used [0x00000000ebf80000,0x00000000ebf80000,0x00000000ed300000)
  to   space 22528K, 0% used [0x00000000ef900000,0x00000000ef900000,0x00000000f0f00000)
 ParOldGen       total 157184K, used 32873K [0x00000000a0000000, 0x00000000a9980000, 0x00000000e0000000)
  object space 157184K, 20% used [0x00000000a0000000,0x00000000a201a5c8,0x00000000a9980000)
 Metaspace       used 57303K, capacity 58944K, committed 58968K, reserved 1099776K
  class space    used 7679K, capacity 8050K, committed 8064K, reserved 1048576K
}
Event: 26.197 GC heap before
{Heap before GC invocations=13 (full 3):
 PSYoungGen      total 216064K, used 196096K [0x00000000e0000000, 0x00000000f0f00000, 0x0000000100000000)
  eden space 196096K, 100% used [0x00000000e0000000,0x00000000ebf80000,0x00000000ebf80000)
  from space 19968K, 0% used [0x00000000ebf80000,0x00000000ebf80000,0x00000000ed300000)
  to   space 22528K, 0% used [0x00000000ef900000,0x00000000ef900000,0x00000000f0f00000)
 ParOldGen       total 157184K, used 32873K [0x00000000a0000000, 0x00000000a9980000, 0x00000000e0000000)
  object space 157184K, 20% used [0x00000000a0000000,0x00000000a201a5c8,0x00000000a9980000)
 Metaspace       used 67381K, capacity 69728K, committed 69848K, reserved 1110016K
  class space    used 8846K, capacity 9405K, committed 9472K, reserved 1048576K
Event: 26.217 GC heap after
Heap after GC invocations=13 (full 3):
 PSYoungGen      total 246784K, used 19522K [0x00000000e0000000, 0x00000000f0d00000, 0x0000000100000000)
  eden space 226304K, 0% used [0x00000000e0000000,0x00000000e0000000,0x00000000edd00000)
  from space 20480K, 95% used [0x00000000ef900000,0x00000000f0c10850,0x00000000f0d00000)
  to   space 24576K, 0% used [0x00000000edd00000,0x00000000edd00000,0x00000000ef500000)
 ParOldGen       total 157184K, used 32881K [0x00000000a0000000, 0x00000000a9980000, 0x00000000e0000000)
  object space 157184K, 20% used [0x00000000a0000000,0x00000000a201c5c8,0x00000000a9980000)
 Metaspace       used 67381K, capacity 69728K, committed 69848K, reserved 1110016K
  class space    used 8846K, capacity 9405K, committed 9472K, reserved 1048576K
}

Deoptimization events (10 events):
Event: 26.770 Thread 0x000000001de30800 Uncommon trap: reason=class_check action=maybe_recompile pc=0x00000000044fee90 method=com.android.apkzlib.zip.ZipField.checkVerifiesInvariants(J)V @ 25
Event: 26.830 Thread 0x00000000203e3800 Uncommon trap: reason=class_check action=maybe_recompile pc=0x0000000003abccf4 method=java.lang.AbstractStringBuilder.append(Ljava/lang/CharSequence;)Ljava/lang/AbstractStringBuilder; @ 26
Event: 26.830 Thread 0x00000000203e3800 Uncommon trap: reason=class_check action=maybe_recompile pc=0x0000000002b32284 method=java.lang.AbstractStringBuilder.append(Ljava/lang/CharSequence;II)Ljava/lang/AbstractStringBuilder; @ 18
Event: 26.831 Thread 0x00000000203e3800 Uncommon trap: reason=class_check action=maybe_recompile pc=0x0000000003abccf4 method=java.lang.AbstractStringBuilder.append(Ljava/lang/CharSequence;)Ljava/lang/AbstractStringBuilder; @ 26
Event: 26.831 Thread 0x00000000203e3800 Uncommon trap: reason=class_check action=maybe_recompile pc=0x0000000002b32284 method=java.lang.AbstractStringBuilder.append(Ljava/lang/CharSequence;II)Ljava/lang/AbstractStringBuilder; @ 18
Event: 26.883 Thread 0x00000000203e3800 Uncommon trap: reason=unstable_if action=reinterpret pc=0x00000000036cc0c0 method=org.gradle.api.internal.file.pattern.PatternMatcherFactory$PathMatcherBackedSpec.isSatisfiedBy(Lorg/gradle/api/file/RelativePath;)Z @ 11
Event: 26.884 Thread 0x00000000203e3800 Uncommon trap: reason=unstable_if action=reinterpret pc=0x0000000002bc6224 method=org.gradle.api.internal.file.pattern.FixedStepPathMatcher.matches([Ljava/lang/String;I)Z @ 35
Event: 26.884 Thread 0x00000000203e3800 Uncommon trap: reason=unstable_if action=reinterpret pc=0x0000000002fc41e4 method=org.gradle.api.internal.file.pattern.FixedStepPathMatcher.matches([Ljava/lang/String;I)Z @ 35
Event: 26.929 Thread 0x00000000203e3800 Uncommon trap: reason=unstable_if action=reinterpret pc=0x000000000452aeec method=java.net.URI.needsNormalization(Ljava/lang/String;)I @ 149
Event: 27.057 Thread 0x00000000203e3800 Uncommon trap: reason=unstable_if action=reinterpret pc=0x0000000004497e60 method=java.net.URI.needsNormalization(Ljava/lang/String;)I @ 149

Classes redefined (0 events):
No events

Internal exceptions (10 events):
Event: 23.272 Thread 0x000000001af65800 Exception <a 'java/lang/NoSuchMethodError': <clinit>> (0x00000000e54f3410) thrown at [D:\src\AOSP-openjdk-cygwin\jdk8u\hotspot\src\share\vm\prims\jni.cpp, line 1613]
Event: 23.296 Thread 0x000000001af65800 Exception <a 'java/lang/NoSuchMethodError': <clinit>> (0x00000000e551d678) thrown at [D:\src\AOSP-openjdk-cygwin\jdk8u\hotspot\src\share\vm\prims\jni.cpp, line 1613]
Event: 23.302 Thread 0x000000001af65800 Exception <a 'java/lang/NoSuchMethodError': <clinit>> (0x00000000e556c328) thrown at [D:\src\AOSP-openjdk-cygwin\jdk8u\hotspot\src\share\vm\prims\jni.cpp, line 1613]
Event: 23.303 Thread 0x000000001af65800 Exception <a 'java/lang/NoSuchMethodError': <clinit>> (0x00000000e556ffe8) thrown at [D:\src\AOSP-openjdk-cygwin\jdk8u\hotspot\src\share\vm\prims\jni.cpp, line 1613]
Event: 23.303 Thread 0x000000001af65800 Exception <a 'java/lang/NoSuchMethodError': <clinit>> (0x00000000e5571af0) thrown at [D:\src\AOSP-openjdk-cygwin\jdk8u\hotspot\src\share\vm\prims\jni.cpp, line 1613]
Event: 23.337 Thread 0x000000001af65800 Exception <a 'java/lang/ClassNotFoundException': sync_local_repo4122_8xgdumtz342m9a01zegdxdm8hBeanInfo> (0x00000000e62a3eb0) thrown at [D:\src\AOSP-openjdk-cygwin\jdk8u\hotspot\src\share\vm\classfile\systemDictionary.cpp, line 210]
Event: 23.338 Thread 0x000000001af65800 Exception <a 'java/lang/ClassNotFoundException': sync_local_repo4122_8xgdumtz342m9a01zegdxdm8hCustomizer> (0x00000000e62ae690) thrown at [D:\src\AOSP-openjdk-cygwin\jdk8u\hotspot\src\share\vm\classfile\systemDictionary.cpp, line 210]
Event: 26.278 Thread 0x00000000203e3800 Implicit null exception at 0x0000000002ce82f5 to 0x0000000002ce89d5
Event: 26.618 Thread 0x000000001de30800 Exception <a 'java/lang/NoSuchMethodError': java.lang.Object.lambda$asRunnable$0(Lcom/android/apkzlib/utils/IOExceptionRunnable;)V> (0x00000000e215acc0) thrown at [D:\src\AOSP-openjdk-cygwin\jdk8u\hotspot\src\share\vm\interpreter\linkResolver.cpp, line 58
Event: 26.672 Thread 0x000000001de30800 Exception <a 'java/lang/NoSuchMethodError': java.lang.Object.lambda$comparing$ea9a8b3a$1(Ljava/util/Comparator;Ljava/util/function/Function;Ljava/lang/Object;Ljava/lang/Object;)I> (0x00000000e2396db0) thrown at [D:\src\AOSP-openjdk-cygwin\jdk8u\hotspot\sr

Events (10 events):
Event: 27.317 loading class com/android/build/gradle/internal/transforms/InstantRunTransform$1
Event: 27.317 loading class com/android/build/gradle/internal/transforms/InstantRunTransform$1 done
Event: 27.319 loading class com/android/build/gradle/internal/transforms/InstantRunTransform
Event: 27.319 loading class com/android/build/gradle/internal/transforms/InstantRunTransform done
Event: 27.319 loading class com/android/build/gradle/internal/transforms/InstantRunTransform$WorkItem
Event: 27.319 loading class com/android/build/gradle/internal/transforms/InstantRunTransform$WorkItem done
Event: 27.323 loading class com/android/build/gradle/internal/transforms/InstantRunTransform$WorkItem
Event: 27.323 loading class com/android/build/gradle/internal/transforms/InstantRunTransform$WorkItem done
Event: 27.323 loading class com/android/build/gradle/internal/transforms/InstantRunTransform
Event: 27.323 loading class com/android/build/gradle/internal/transforms/InstantRunTransform done


Dynamic libraries:
0x000000013f400000 - 0x000000013f431000 	C:\Program Files\Android\Android Studio\jre\bin\java.exe
0x0000000077300000 - 0x00000000774a9000 	C:\Windows\SYSTEM32\ntdll.dll
0x00000000770e0000 - 0x00000000771ff000 	C:\Windows\system32\kernel32.dll
0x000007fefd2b0000 - 0x000007fefd31c000 	C:\Windows\system32\KERNELBASE.dll
0x000007feff200000 - 0x000007feff2db000 	C:\Windows\system32\ADVAPI32.dll
0x000007fefe2a0000 - 0x000007fefe33f000 	C:\Windows\system32\msvcrt.dll
0x000007feff1e0000 - 0x000007feff1ff000 	C:\Windows\SYSTEM32\sechost.dll
0x000007fefe170000 - 0x000007fefe29d000 	C:\Windows\system32\RPCRT4.dll
0x0000000077200000 - 0x00000000772fa000 	C:\Windows\system32\USER32.dll
0x000007feff5a0000 - 0x000007feff607000 	C:\Windows\system32\GDI32.dll
0x000007feff2e0000 - 0x000007feff2ee000 	C:\Windows\system32\LPK.dll
0x000007fefd9f0000 - 0x000007fefdab9000 	C:\Windows\system32\USP10.dll
0x000007fefba80000 - 0x000007fefbc74000 	C:\Windows\WinSxS\amd64_microsoft.windows.common-controls_6595b64144ccf1df_6.0.7601.17514_none_fa396087175ac9ac\COMCTL32.dll
0x000007fefdf10000 - 0x000007fefdf81000 	C:\Windows\system32\SHLWAPI.dll
0x000007fefdac0000 - 0x000007fefdaee000 	C:\Windows\system32\IMM32.DLL
0x000007fefe340000 - 0x000007fefe449000 	C:\Windows\system32\MSCTF.dll
0x000007feda1c0000 - 0x000007feda2cb000 	C:\Program Files\Diebold\Warsaw\wslbscr64.dll
0x000007fed4410000 - 0x000007fed44c8000 	C:\Program Files\Diebold\Warsaw\wslbscrwh64.dll
0x00000000636a0000 - 0x0000000063772000 	C:\Program Files\Android\Android Studio\jre\jre\bin\msvcr100.dll
0x00000000528b0000 - 0x00000000530ee000 	C:\Program Files\Android\Android Studio\jre\jre\bin\server\jvm.dll
0x000007fefacc0000 - 0x000007fefacc9000 	C:\Windows\system32\WSOCK32.dll
0x000007fefddc0000 - 0x000007fefde0d000 	C:\Windows\system32\WS2_32.dll
0x000007fefd9e0000 - 0x000007fefd9e8000 	C:\Windows\system32\NSI.dll
0x000007fefaee0000 - 0x000007fefaf1b000 	C:\Windows\system32\WINMM.dll
0x000007fefc140000 - 0x000007fefc14c000 	C:\Windows\system32\VERSION.dll
0x00000000774c0000 - 0x00000000774c7000 	C:\Windows\system32\PSAPI.DLL
0x000007fefb6b0000 - 0x000007fefb6bf000 	C:\Program Files\Android\Android Studio\jre\jre\bin\verify.dll
0x000007fef6f50000 - 0x000007fef6f79000 	C:\Program Files\Android\Android Studio\jre\jre\bin\java.dll
0x000007fef6f30000 - 0x000007fef6f46000 	C:\Program Files\Android\Android Studio\jre\jre\bin\zip.dll
0x000007fefe450000 - 0x000007feff1d9000 	C:\Windows\system32\SHELL32.dll
0x000007fefd4e0000 - 0x000007fefd6e3000 	C:\Windows\system32\ole32.dll
0x000007fefd0c0000 - 0x000007fefd0cf000 	C:\Windows\system32\profapi.dll
0x000007fef5a60000 - 0x000007fef5a7a000 	C:\Program Files\Android\Android Studio\jre\jre\bin\net.dll
0x000007fefc850000 - 0x000007fefc8a5000 	C:\Windows\system32\mswsock.dll
0x000007fefc990000 - 0x000007fefc997000 	C:\Windows\System32\wship6.dll
0x000007fef4a30000 - 0x000007fef4a41000 	C:\Program Files\Android\Android Studio\jre\jre\bin\nio.dll
0x000007fef4150000 - 0x000007fef416e000 	C:\Users\Paulo\.gradle\native\25\windows-amd64\native-platform.dll
0x000007fefb6c0000 - 0x000007fefb6cd000 	C:\Program Files\Android\Android Studio\jre\jre\bin\management.dll
0x000007fefc8b0000 - 0x000007fefc8c8000 	C:\Windows\system32\CRYPTSP.dll
0x000007fefc5a0000 - 0x000007fefc5e7000 	C:\Windows\system32\rsaenh.dll
0x000007fefd110000 - 0x000007fefd12e000 	C:\Windows\system32\USERENV.dll
0x000007fefcf60000 - 0x000007fefcf6f000 	C:\Windows\system32\CRYPTBASE.dll
0x000007fefabb0000 - 0x000007fefabd7000 	C:\Windows\system32\IPHLPAPI.DLL
0x000007fefaba0000 - 0x000007fefabab000 	C:\Windows\system32\WINNSI.DLL
0x000007fefa750000 - 0x000007fefa768000 	C:\Windows\system32\dhcpcsvc.DLL
0x000007fefa6f0000 - 0x000007fefa701000 	C:\Windows\system32\dhcpcsvc6.DLL
0x0000000064940000 - 0x00000000649c7000 	C:\Users\Paulo\AppData\Local\Temp\aapt2_345241570017979734\libwinpthread-1.dll
0x000000006d040000 - 0x0000000070926000 	C:\Users\Paulo\AppData\Local\Temp\aapt2_345241570017979734\libaapt2_jni.dll

VM Arguments:
jvm_args: -Xmx1536m -Dfile.encoding=windows-1252 -Duser.country=BR -Duser.language=pt -Duser.variant 
java_command: org.gradle.launcher.daemon.bootstrap.GradleDaemon 4.1-milestone-1
java_class_path (initial): C:\Users\Paulo\.gradle\wrapper\dists\gradle-4.1-milestone-1-all\9uoz4qrz3xxqtt8z3tsnbtd3e\gradle-4.1-milestone-1\lib\gradle-launcher-4.1.jar
Launcher Type: SUN_STANDARD

Environment Variables:
PATH=C:\ProgramData\Oracle\Java\javapath;C:\Program Files\Common Files\Microsoft Shared\Windows Live;C:\Program Files (x86)\Common Files\Microsoft Shared\Windows Live;C:\Program Files (x86)\Windows Resource Kits\Tools\;C:\Program Files (x86)\AMD APP\bin\x86_64;C:\Program Files (x86)\AMD APP\bin\x86;C:\Program Files (x86)\Intel\iCLS Client\;C:\Program Files\Intel\iCLS Client\;C:\Windows\system32;C:\Windows;C:\Windows\System32\Wbem;C:\Windows\System32\WindowsPowerShell\v1.0\;C:\Program Files\Intel\Intel(R) Management Engine Components\DAL;C:\Program Files\Intel\Intel(R) Management Engine Components\IPT;C:\Program Files (x86)\Intel\Intel(R) Management Engine Components\DAL;C:\Program Files (x86)\Intel\Intel(R) Management Engine Components\IPT;C:\Program Files (x86)\ATI Technologies\ATI.ACE\Core-Static;C:\Program Files (x86)\Windows Live\Shared;C:\Program Files (x86)\Deskshare\My Screen Recorder Pro 4\;C:\Program Files (x86)\Common Files\Autodesk Shared\;C:\Program Files\Aladdin\eToken\PKIClient\x32;C:\Program Files\Aladdin\eToken\PKIClient\x64;C:\Program Files\Common Files\Autodesk Shared\;C:\Program Files (x86)\QuickTime\QTSystem\;C:\Program Files (x86)\Skype\Phone\;C:\Program Files\Aladdin\eToken\SAC\x32;C:\Program Files\Aladdin\eToken\SAC\x64;C:\Program Files (x86)\Microsoft SQL Server\80\Tools\Binn\;C:\Program Files (x86)\Microsoft SQL Server\90\DTS\Binn\;C:\Program Files (x86)\Microsoft SQL Server\90\Tools\binn\;C:\Program Files (x86)\Microsoft SQL Server\90\Tools\Binn\VSShell\Common7\IDE\;C:\Program Files (x86)\Microsoft Visual Studio 8\Common7\IDE\PrivateAssemblies\;
USERNAME=Paulo
OS=Windows_NT
PROCESSOR_IDENTIFIER=Intel64 Family 6 Model 58 Stepping 9, GenuineIntel



---------------  S Y S T E M  ---------------

OS: Windows 7 , 64 bit Build 7601 (6.1.7601.18409)

CPU:total 8 (initial active 8) (4 cores per cpu, 2 threads per core) family 6 model 58 stepping 9, cmov, cx8, fxsr, mmx, sse, sse2, sse3, ssse3, sse4.1, sse4.2, popcnt, avx, aes, clmul, erms, ht, tsc, tscinvbit, tscinv

Memory: 4k page, physical 8288572k(478744k free), swap 9382420k(5160k free)

vm_info: OpenJDK 64-Bit Server VM (25.152-b01) for windows-amd64 JRE (1.8.0_152-release-884-b01), built on Jun 14 2017 23:46:27 by "builder" with MS VC++ 10.0 (VS2010)

time: Sat Jul 08 19:12:12 2017
elapsed time: 27 seconds (0d 0h 0m 27s)

